# JRE version: Java(TM) SE Runtime Environment (8.0_144-b01) (build 1.8.0_144-b01)
# Java VM: Java HotSpot(TM) 64-Bit Server VM (25.144-b01 mixed mode windows-amd64 compressed oops)
Heap:
 PSYoungGen      total 166400K, used 115536K [0x00000000e1100000, 0x00000000f6a80000, 0x0000000100000000)
  eden space 65536K, 100% used [0x00000000e1100000,0x00000000e5100000,0x00000000e5100000)
  from space 100864K, 49% used [0x00000000e5100000,0x00000000e81d4310,0x00000000eb380000)
  to   space 134656K, 0% used [0x00000000ee700000,0x00000000ee700000,0x00000000f6a80000)
 ParOldGen       total 398848K, used 398437K [0x00000000a3200000, 0x00000000bb780000, 0x00000000e1100000)
  object space 398848K, 99% used [0x00000000a3200000,0x00000000bb719648,0x00000000bb780000)
 Metaspace       used 10980K, capacity 11242K, committed 11520K, reserved 1058816K
  class space    used 1357K, capacity 1452K, committed 1536K, reserved 1048576K
GC Heap History (10 events):
Event: 5.288 GC heap before
{Heap before GC invocations=11 (full 3):
 PSYoungGen      total 110592K, used 79743K [0x00000000e1100000, 0x00000000f0d80000, 0x0000000100000000)
  eden space 49664K, 100% used [0x00000000e1100000,0x00000000e4180000,0x00000000e4180000)
  from space 60928K, 49% used [0x00000000e4180000,0x00000000e5edff80,0x00000000e7d00000)
  to   space 92160K, 0% used [0x00000000eb380000,0x00000000eb380000,0x00000000f0d80000)
 ParOldGen       total 382464K, used 225729K [0x00000000a3200000, 0x00000000ba780000, 0x00000000e1100000)
  object space 382464K, 59% used [0x00000000a3200000,0x00000000b0e70650,0x00000000ba780000)
 Metaspace       used 10980K, capacity 11242K, committed 11520K, reserved 1058816K
  class space    used 1357K, capacity 1452K, committed 1536K, reserved 1048576K
Event: 5.331 GC heap after
Heap after GC invocations=11 (full 3):
 PSYoungGen      total 157696K, used 74528K [0x00000000e1100000, 0x00000000f1a00000, 0x0000000100000000)
  eden space 65536K, 0% used [0x00000000e1100000,0x00000000e1100000,0x00000000e5100000)
  from space 92160K, 80% used [0x00000000eb380000,0x00000000efc48000,0x00000000f0d80000)
  to   space 100864K, 0% used [0x00000000e5100000,0x00000000e5100000,0x00000000eb380000)
 ParOldGen       total 382464K, used 225729K [0x00000000a3200000, 0x00000000ba780000, 0x00000000e1100000)
  object space 382464K, 59% used [0x00000000a3200000,0x00000000b0e70650,0x00000000ba780000)
 Metaspace       used 10980K, capacity 11242K, committed 11520K, reserved 1058816K
  class space    used 1357K, capacity 1452K, committed 1536K, reserved 1048576K
}
Event: 5.350 GC heap before
{Heap before GC invocations=12 (full 3):
 PSYoungGen      total 157696K, used 140064K [0x00000000e1100000, 0x00000000f1a00000, 0x0000000100000000)
  eden space 65536K, 100% used [0x00000000e1100000,0x00000000e5100000,0x00000000e5100000)
  from space 92160K, 80% used [0x00000000eb380000,0x00000000efc48000,0x00000000f0d80000)
  to   space 100864K, 0% used [0x00000000e5100000,0x00000000e5100000,0x00000000eb380000)
 ParOldGen       total 382464K, used 225729K [0x00000000a3200000, 0x00000000ba780000, 0x00000000e1100000)
  object space 382464K, 59% used [0x00000000a3200000,0x00000000b0e70650,0x00000000ba780000)
 Metaspace       used 10980K, capacity 11242K, committed 11520K, reserved 1058816K
  class space    used 1357K, capacity 1452K, committed 1536K, reserved 1048576K
Event: 5.390 GC heap after
Heap after GC invocations=12 (full 3):
 PSYoungGen      total 166400K, used 100864K [0x00000000e1100000, 0x00000000f6a80000, 0x0000000100000000)
  eden space 65536K, 0% used [0x00000000e1100000,0x00000000e1100000,0x00000000e5100000)
  from space 100864K, 100% used [0x00000000e5100000,0x00000000eb380000,0x00000000eb380000)
  to   space 134656K, 0% used [0x00000000ee700000,0x00000000ee700000,0x00000000f6a80000)
 ParOldGen       total 382464K, used 267221K [0x00000000a3200000, 0x00000000ba780000, 0x00000000e1100000)
  object space 382464K, 69% used [0x00000000a3200000,0x00000000b36f5710,0x00000000ba780000)
 Metaspace       used 10980K, capacity 11242K, committed 11520K, reserved 1058816K
  class space    used 1357K, capacity 1452K, committed 1536K, reserved 1048576K
}
Event: 5.409 GC heap before
{Heap before GC invocations=13 (full 3):
 PSYoungGen      total 166400K, used 166400K [0x00000000e1100000, 0x00000000f6a80000, 0x0000000100000000)
  eden space 65536K, 100% used [0x00000000e1100000,0x00000000e5100000,0x00000000e5100000)
  from space 100864K, 100% used [0x00000000e5100000,0x00000000eb380000,0x00000000eb380000)
  to   space 134656K, 0% used [0x00000000ee700000,0x00000000ee700000,0x00000000f6a80000)
 ParOldGen       total 382464K, used 267221K [0x00000000a3200000, 0x00000000ba780000, 0x00000000e1100000)
  object space 382464K, 69% used [0x00000000a3200000,0x00000000b36f5710,0x00000000ba780000)
 Metaspace       used 10980K, capacity 11242K, committed 11520K, reserved 1058816K
  class space    used 1357K, capacity 1452K, committed 1536K, reserved 1048576K
Event: 5.466 GC heap after
Heap after GC invocations=13 (full 3):
 PSYoungGen      total 200192K, used 134656K [0x00000000e1100000, 0x00000000f6a80000, 0x0000000100000000)
  eden space 65536K, 0% used [0x00000000e1100000,0x00000000e1100000,0x00000000e5100000)
  from space 134656K, 100% used [0x00000000ee700000,0x00000000f6a80000,0x00000000f6a80000)
  to   space 100864K, 0% used [0x00000000e5100000,0x00000000e5100000,0x00000000eb380000)
 ParOldGen       total 382464K, used 299686K [0x00000000a3200000, 0x00000000ba780000, 0x00000000e1100000)
  object space 382464K, 78% used [0x00000000a3200000,0x00000000b56a9a60,0x00000000ba780000)
 Metaspace       used 10980K, capacity 11242K, committed 11520K, reserved 1058816K
  class space    used 1357K, capacity 1452K, committed 1536K, reserved 1048576K
}
Event: 5.485 GC heap before
{Heap before GC invocations=14 (full 3):
 PSYoungGen      total 200192K, used 200192K [0x00000000e1100000, 0x00000000f6a80000, 0x0000000100000000)
  eden space 65536K, 100% used [0x00000000e1100000,0x00000000e5100000,0x00000000e5100000)
  from space 134656K, 100% used [0x00000000ee700000,0x00000000f6a80000,0x00000000f6a80000)
  to   space 100864K, 0% used [0x00000000e5100000,0x00000000e5100000,0x00000000eb380000)
 ParOldGen       total 382464K, used 299686K [0x00000000a3200000, 0x00000000ba780000, 0x00000000e1100000)
  object space 382464K, 78% used [0x00000000a3200000,0x00000000b56a9a60,0x00000000ba780000)
 Metaspace       used 10980K, capacity 11242K, committed 11520K, reserved 1058816K
  class space    used 1357K, capacity 1452K, committed 1536K, reserved 1048576K
Event: 5.545 GC heap after
Heap after GC invocations=14 (full 3):
 PSYoungGen      total 166400K, used 100864K [0x00000000e1100000, 0x00000000f6a80000, 0x0000000100000000)
  eden space 65536K, 0% used [0x00000000e1100000,0x00000000e1100000,0x00000000e5100000)
  from space 100864K, 100% used [0x00000000e5100000,0x00000000eb380000,0x00000000eb380000)
  to   space 134656K, 0% used [0x00000000ee700000,0x00000000ee700000,0x00000000f6a80000)
 ParOldGen       total 398848K, used 397618K [0x00000000a3200000, 0x00000000bb780000, 0x00000000e1100000)
  object space 398848K, 99% used [0x00000000a3200000,0x00000000bb64c860,0x00000000bb780000)
 Metaspace       used 10980K, capacity 11242K, committed 11520K, reserved 1058816K
  class space    used 1357K, capacity 1452K, committed 1536K, reserved 1048576K
}
Event: 5.545 GC heap before
{Heap before GC invocations=15 (full 4):
 PSYoungGen      total 166400K, used 100864K [0x00000000e1100000, 0x00000000f6a80000, 0x0000000100000000)
  eden space 65536K, 0% used [0x00000000e1100000,0x00000000e1100000,0x00000000e5100000)
  from space 100864K, 100% used [0x00000000e5100000,0x00000000eb380000,0x00000000eb380000)
  to   space 134656K, 0% used [0x00000000ee700000,0x00000000ee700000,0x00000000f6a80000)
 ParOldGen       total 398848K, used 397618K [0x00000000a3200000, 0x00000000bb780000, 0x00000000e1100000)
  object space 398848K, 99% used [0x00000000a3200000,0x00000000bb64c860,0x00000000bb780000)
 Metaspace       used 10980K, capacity 11242K, committed 11520K, reserved 1058816K
  class space    used 1357K, capacity 1452K, committed 1536K, reserved 1048576K
Event: 5.826 GC heap after
Heap after GC invocations=15 (full 4):
 PSYoungGen      total 166400K, used 50000K [0x00000000e1100000, 0x00000000f6a80000, 0x0000000100000000)
  eden space 65536K, 0% used [0x00000000e1100000,0x00000000e1100000,0x00000000e5100000)
  from space 100864K, 49% used [0x00000000e5100000,0x00000000e81d4310,0x00000000eb380000)
  to   space 134656K, 0% used [0x00000000ee700000,0x00000000ee700000,0x00000000f6a80000)
 ParOldGen       total 398848K, used 398437K [0x00000000a3200000, 0x00000000bb780000, 0x00000000e1100000)
  object space 398848K, 99% used [0x00000000a3200000,0x00000000bb719648,0x00000000bb780000)
 Metaspace       used 10980K, capacity 11242K, committed 11520K, reserved 1058816K
  class space    used 1357K, capacity 1452K, committed 1536K, reserved 1048576K
}

